D:\SPACE SHOOTER\I GRAPHICS PROJECT\DEBUG\SOURCE.OBJ
D:\SPACE SHOOTER\I GRAPHICS PROJECT\DEBUG\VC110.PDB
D:\SPACE SHOOTER\DEBUG\I GRAPHICS PROJECT.ILK
D:\SPACE SHOOTER\DEBUG\I GRAPHICS PROJECT.EXE
D:\SPACE SHOOTER\DEBUG\I GRAPHICS PROJECT.PDB
D:\space shooter\I graphics project\Debug\Source.obj
D:\space shooter\I graphics project\Debug\cl.command.1.tlog
D:\space shooter\I graphics project\Debug\CL.read.1.tlog
D:\space shooter\I graphics project\Debug\CL.write.1.tlog
D:\space shooter\I graphics project\Debug\link-cvtres.read.1.tlog
D:\space shooter\I graphics project\Debug\link-cvtres.write.1.tlog
D:\space shooter\I graphics project\Debug\link-rc.read.1.tlog
D:\space shooter\I graphics project\Debug\link-rc.write.1.tlog
D:\space shooter\I graphics project\Debug\link.command.1.tlog
D:\space shooter\I graphics project\Debug\link.read.1.tlog
D:\space shooter\I graphics project\Debug\link.write.1.tlog
D:\space shooter\I graphics project\Debug\vc110.idb
D:\space shooter\I graphics project\Debug\vc110.pdb
D:\space shooter\Debug\I graphics project.pdb
D:\space shooter\Debug\I graphics project.exe
D:\space shooter\Debug\I graphics project.ilk
